Flow report for digital_cam_impl1
Tue May 30 23:09:52 2023
Quartus Prime Version 19.1.0 Build 670 09/22/2019 SJ Lite Edition


---------------------
; Table of Contents ;
---------------------
  1. Legal Notice
  2. Flow Summary
  3. Flow Settings
  4. Flow Non-Default Global Settings
  5. Flow Elapsed Time
  6. Flow OS Summary
  7. Flow Log
  8. Flow Messages
  9. Flow Suppressed Messages



----------------
; Legal Notice ;
----------------
Copyright (C) 2019  Intel Corporation. All rights reserved.
Your use of Intel Corporation's design tools, logic functions 
and other software and tools, and any partner logic 
functions, and any output files from any of the foregoing 
(including device programming or simulation files), and any 
associated documentation or information are expressly subject 
to the terms and conditions of the Intel Program License 
Subscription Agreement, the Intel Quartus Prime License Agreement,
the Intel FPGA IP License Agreement, or other applicable license
agreement, including, without limitation, that your use is for
the sole purpose of programming logic devices manufactured by
Intel and sold by Intel or its authorized distributors.  Please
refer to the applicable agreement for further details, at
https://fpgasoftware.intel.com/eula.



+-------------------------------------------------------------------------------+
; Flow Summary                                                                  ;
+---------------------------------+---------------------------------------------+
; Flow Status                     ; Successful - Tue May 30 23:09:52 2023       ;
; Quartus Prime Version           ; 19.1.0 Build 670 09/22/2019 SJ Lite Edition ;
; Revision Name                   ; digital_cam_impl1                           ;
; Top-level Entity Name           ; digital_cam_impl1                           ;
; Family                          ; Cyclone V                                   ;
; Device                          ; 5CSEMA5F31C6                                ;
; Timing Models                   ; Final                                       ;
; Logic utilization (in ALMs)     ; 373 / 32,070 ( 1 % )                        ;
; Total registers                 ; 427                                         ;
; Total pins                      ; 87 / 457 ( 19 % )                           ;
; Total virtual pins              ; 0                                           ;
; Total block memory bits         ; 1,576,960 / 4,065,280 ( 39 % )              ;
; Total DSP Blocks                ; 0 / 87 ( 0 % )                              ;
; Total HSSI RX PCSs              ; 0                                           ;
; Total HSSI PMA RX Deserializers ; 0                                           ;
; Total HSSI TX PCSs              ; 0                                           ;
; Total HSSI PMA TX Serializers   ; 0                                           ;
; Total PLLs                      ; 2 / 6 ( 33 % )                              ;
; Total DLLs                      ; 0 / 4 ( 0 % )                               ;
+---------------------------------+---------------------------------------------+


+-----------------------------------------+
; Flow Settings                           ;
+-------------------+---------------------+
; Option            ; Setting             ;
+-------------------+---------------------+
; Start date & time ; 05/30/2023 23:08:05 ;
; Main task         ; Compilation         ;
; Revision Name     ; digital_cam_impl1   ;
+-------------------+---------------------+


+-----------------------------------------------------------------------------------------------------------------------------+
; Flow Non-Default Global Settings                                                                                            ;
+-------------------------------------+----------------------------------------+---------------+-------------+----------------+
; Assignment Name                     ; Value                                  ; Default Value ; Entity Name ; Section Id     ;
+-------------------------------------+----------------------------------------+---------------+-------------+----------------+
; COMPILER_SIGNATURE_ID               ; 168202110506030.168547728533820        ; --            ; --          ; --             ;
; EDA_OUTPUT_DATA_FORMAT              ; Vhdl                                   ; --            ; --          ; eda_simulation ;
; EDA_SIMULATION_TOOL                 ; ModelSim-Altera (VHDL)                 ; <None>        ; --          ; --             ;
; MAX_CORE_JUNCTION_TEMP              ; 85                                     ; --            ; --          ; --             ;
; MIN_CORE_JUNCTION_TEMP              ; 0                                      ; --            ; --          ; --             ;
; MISC_FILE                           ; my_altpll.cmp                          ; --            ; --          ; --             ;
; MISC_FILE                           ; my_altpll.ppf                          ; --            ; --          ; --             ;
; MISC_FILE                           ; my_frame_buffer_15to0.cmp              ; --            ; --          ; --             ;
; OUTPUT_IO_TIMING_FAR_END_VMEAS      ; Half Signal Swing                      ; --            ; --          ; --             ;
; OUTPUT_IO_TIMING_FAR_END_VMEAS      ; Half Signal Swing                      ; --            ; --          ; --             ;
; OUTPUT_IO_TIMING_NEAR_END_VMEAS     ; Half Vccio                             ; --            ; --          ; --             ;
; OUTPUT_IO_TIMING_NEAR_END_VMEAS     ; Half Vccio                             ; --            ; --          ; --             ;
; PARTITION_COLOR                     ; -- (Not supported for targeted family) ; --            ; --          ; Top            ;
; PARTITION_FITTER_PRESERVATION_LEVEL ; -- (Not supported for targeted family) ; --            ; --          ; Top            ;
; PARTITION_NETLIST_TYPE              ; -- (Not supported for targeted family) ; --            ; --          ; Top            ;
; POWER_BOARD_THERMAL_MODEL           ; None (CONSERVATIVE)                    ; --            ; --          ; --             ;
; POWER_PRESET_COOLING_SOLUTION       ; 23 MM HEAT SINK WITH 200 LFPM AIRFLOW  ; --            ; --          ; --             ;
; PROJECT_OUTPUT_DIRECTORY            ; output_files                           ; --            ; --          ; --             ;
+-------------------------------------+----------------------------------------+---------------+-------------+----------------+


+--------------------------------------------------------------------------------------------------------------------------+
; Flow Elapsed Time                                                                                                        ;
+----------------------+--------------+-------------------------+---------------------+------------------------------------+
; Module Name          ; Elapsed Time ; Average Processors Used ; Peak Virtual Memory ; Total CPU Time (on all processors) ;
+----------------------+--------------+-------------------------+---------------------+------------------------------------+
; Analysis & Synthesis ; 00:00:13     ; 1.0                     ; 4891 MB             ; 00:00:28                           ;
; Fitter               ; 00:01:03     ; 1.2                     ; 6589 MB             ; 00:01:49                           ;
; Assembler            ; 00:00:14     ; 1.0                     ; 4885 MB             ; 00:00:13                           ;
; Timing Analyzer      ; 00:00:11     ; 1.9                     ; 5244 MB             ; 00:00:19                           ;
; EDA Netlist Writer   ; 00:00:02     ; 1.0                     ; 4891 MB             ; 00:00:02                           ;
; Total                ; 00:01:43     ; --                      ; --                  ; 00:02:51                           ;
+----------------------+--------------+-------------------------+---------------------+------------------------------------+


+------------------------------------------------------------------------------------+
; Flow OS Summary                                                                    ;
+----------------------+------------------+------------+------------+----------------+
; Module Name          ; Machine Hostname ; OS Name    ; OS Version ; Processor type ;
+----------------------+------------------+------------+------------+----------------+
; Analysis & Synthesis ; DESKTOP-0FPEEIQ  ; Windows 10 ; 10.0       ; x86_64         ;
; Fitter               ; DESKTOP-0FPEEIQ  ; Windows 10 ; 10.0       ; x86_64         ;
; Assembler            ; DESKTOP-0FPEEIQ  ; Windows 10 ; 10.0       ; x86_64         ;
; Timing Analyzer      ; DESKTOP-0FPEEIQ  ; Windows 10 ; 10.0       ; x86_64         ;
; EDA Netlist Writer   ; DESKTOP-0FPEEIQ  ; Windows 10 ; 10.0       ; x86_64         ;
+----------------------+------------------+------------+------------+----------------+


------------
; Flow Log ;
------------
quartus_map --read_settings_files=on --write_settings_files=off digital_cam_impl1 -c digital_cam_impl1
quartus_fit --read_settings_files=off --write_settings_files=off digital_cam_impl1 -c digital_cam_impl1
quartus_asm --read_settings_files=off --write_settings_files=off digital_cam_impl1 -c digital_cam_impl1
quartus_sta digital_cam_impl1 -c digital_cam_impl1
quartus_eda --read_settings_files=off --write_settings_files=off digital_cam_impl1 -c digital_cam_impl1



